<?xml version="1.0" encoding="UTF-8"?>
<robot generator="Robot 6.0.2 (Python 3.10.7 on win32)" generated="20230305 11:02:53.676" rpa="false" schemaversion="3">
<suite id="s1" name="Ex Library" source="D:\IT\projekt\udemy\wsb_20230304\11\ex_library.robot">
<test id="s1-t1" name="Verify title" line="27">
<kw name="Open Browser" library="SeleniumLibrary">
<arg>${STRONA}</arg>
<arg>chrome</arg>
<doc>Opens a new browser instance to the optional ``url``.</doc>
<msg timestamp="20230305 11:02:54.088" level="INFO">Opening browser 'chrome' to base url 'https://en.wikipedia.org/wiki/Robot_Framework'.</msg>
<status status="PASS" starttime="20230305 11:02:54.087" endtime="20230305 11:02:55.732"/>
</kw>
<kw name="Check page title">
<kw name="Get Title" library="SeleniumLibrary">
<var>${tytul_strony_aktualny}</var>
<doc>Returns the title of the current page.</doc>
<msg timestamp="20230305 11:02:55.738" level="INFO">${tytul_strony_aktualny} = Robot Framework - Wikipedia</msg>
<status status="PASS" starttime="20230305 11:02:55.732" endtime="20230305 11:02:55.738"/>
</kw>
<kw name="Should Be Equal As Strings" library="BuiltIn">
<arg>${tytul_strony_aktualny}</arg>
<arg>${tytul}</arg>
<doc>Fails if objects are unequal after converting them to strings.</doc>
<status status="PASS" starttime="20230305 11:02:55.739" endtime="20230305 11:02:55.739"/>
</kw>
<status status="PASS" starttime="20230305 11:02:55.732" endtime="20230305 11:02:55.739"/>
</kw>
<kw name="Close Window" library="SeleniumLibrary">
<doc>Closes currently opened and selected browser window/tab.</doc>
<status status="PASS" starttime="20230305 11:02:55.739" endtime="20230305 11:02:55.834"/>
</kw>
<status status="PASS" starttime="20230305 11:02:54.087" endtime="20230305 11:02:55.835"/>
</test>
<test id="s1-t2" name="Verify Section" line="31">
<kw name="Open Browser" library="SeleniumLibrary">
<arg>${STRONA}</arg>
<arg>chrome</arg>
<doc>Opens a new browser instance to the optional ``url``.</doc>
<msg timestamp="20230305 11:02:55.840" level="INFO">Opening browser 'chrome' to base url 'https://en.wikipedia.org/wiki/Robot_Framework'.</msg>
<status status="PASS" starttime="20230305 11:02:55.839" endtime="20230305 11:02:57.331"/>
</kw>
<kw name="Section Verification">
<kw name="Get Text" library="SeleniumLibrary">
<var>${sekcja_aktualna}</var>
<arg>xpath=//*[@id="${sekcja}"]</arg>
<doc>Returns the text value of the element identified by ``locator``.</doc>
<msg timestamp="20230305 11:02:57.362" level="INFO">${sekcja_aktualna} = History</msg>
<status status="PASS" starttime="20230305 11:02:57.332" endtime="20230305 11:02:57.362"/>
</kw>
<kw name="Should Be Equal As Strings" library="BuiltIn">
<arg>${sekcja_aktualna}</arg>
<arg>${sekcja}</arg>
<doc>Fails if objects are unequal after converting them to strings.</doc>
<status status="PASS" starttime="20230305 11:02:57.362" endtime="20230305 11:02:57.362"/>
</kw>
<status status="PASS" starttime="20230305 11:02:57.332" endtime="20230305 11:02:57.363"/>
</kw>
<kw name="Close Window" library="SeleniumLibrary">
<doc>Closes currently opened and selected browser window/tab.</doc>
<status status="PASS" starttime="20230305 11:02:57.365" endtime="20230305 11:02:57.471"/>
</kw>
<status status="PASS" starttime="20230305 11:02:55.838" endtime="20230305 11:02:57.472"/>
</test>
<test id="s1-t3" name="Use Keyword and external Library" line="35">
<kw name="Echo Start">
<kw name="Log" library="BuiltIn">
<arg>Test rozpoczety</arg>
<doc>Logs the given message with the given level.</doc>
<msg timestamp="20230305 11:02:57.474" level="INFO">Test rozpoczety</msg>
<status status="PASS" starttime="20230305 11:02:57.474" endtime="20230305 11:02:57.474"/>
</kw>
<status status="PASS" starttime="20230305 11:02:57.474" endtime="20230305 11:02:57.475"/>
</kw>
<kw name="Open Browser" library="SeleniumLibrary">
<arg>${STRONA}</arg>
<arg>chrome</arg>
<doc>Opens a new browser instance to the optional ``url``.</doc>
<msg timestamp="20230305 11:02:57.476" level="INFO">Opening browser 'chrome' to base url 'https://en.wikipedia.org/wiki/Robot_Framework'.</msg>
<status status="PASS" starttime="20230305 11:02:57.475" endtime="20230305 11:02:58.989"/>
</kw>
<kw name="Page Should Contain" library="SeleniumLibrary">
<arg>${TEKST}</arg>
<doc>Verifies that current page contains ``text``.</doc>
<msg timestamp="20230305 11:02:59.015" level="INFO">Current page contains text 'Robot Framework'.</msg>
<status status="PASS" starttime="20230305 11:02:58.989" endtime="20230305 11:02:59.015"/>
</kw>
<kw name="Close Window" library="SeleniumLibrary">
<doc>Closes currently opened and selected browser window/tab.</doc>
<status status="PASS" starttime="20230305 11:02:59.016" endtime="20230305 11:02:59.119"/>
</kw>
<kw name="Hello World" library="ex10">
<msg timestamp="20230305 11:02:59.120" level="INFO">Zakonczono test</msg>
<status status="PASS" starttime="20230305 11:02:59.120" endtime="20230305 11:02:59.120"/>
</kw>
<status status="PASS" starttime="20230305 11:02:57.473" endtime="20230305 11:02:59.121"/>
</test>
<test id="s1-t4" name="Find elements" line="41">
<kw name="Echo Start">
<kw name="Log" library="BuiltIn">
<arg>Test rozpoczety</arg>
<doc>Logs the given message with the given level.</doc>
<msg timestamp="20230305 11:02:59.123" level="INFO">Test rozpoczety</msg>
<status status="PASS" starttime="20230305 11:02:59.123" endtime="20230305 11:02:59.123"/>
</kw>
<status status="PASS" starttime="20230305 11:02:59.122" endtime="20230305 11:02:59.123"/>
</kw>
<kw name="Open Browser" library="SeleniumLibrary">
<arg>${STRONA}</arg>
<arg>chrome</arg>
<doc>Opens a new browser instance to the optional ``url``.</doc>
<msg timestamp="20230305 11:02:59.125" level="INFO">Opening browser 'chrome' to base url 'https://en.wikipedia.org/wiki/Robot_Framework'.</msg>
<status status="PASS" starttime="20230305 11:02:59.124" endtime="20230305 11:03:00.694"/>
</kw>
<kw name="Element Should Be Visible" library="SeleniumLibrary">
<arg>xpath=//*[@id="History"]</arg>
<doc>Verifies that the element identified by ``locator`` is visible.</doc>
<msg timestamp="20230305 11:03:00.798" level="INFO">Element 'xpath=//*[@id="History"]' is displayed.</msg>
<status status="PASS" starttime="20230305 11:03:00.695" endtime="20230305 11:03:00.798"/>
</kw>
<kw name="Element Should Be Visible" library="SeleniumLibrary">
<arg>xpath=//*[@id="Description"]</arg>
<doc>Verifies that the element identified by ``locator`` is visible.</doc>
<msg timestamp="20230305 11:03:00.830" level="INFO">Element 'xpath=//*[@id="Description"]' is displayed.</msg>
<status status="PASS" starttime="20230305 11:03:00.798" endtime="20230305 11:03:00.830"/>
</kw>
<kw name="Element Should Be Visible" library="SeleniumLibrary">
<arg>xpath=//*[@id="Examples"]</arg>
<doc>Verifies that the element identified by ``locator`` is visible.</doc>
<msg timestamp="20230305 11:03:00.859" level="INFO">Element 'xpath=//*[@id="Examples"]' is displayed.</msg>
<status status="PASS" starttime="20230305 11:03:00.831" endtime="20230305 11:03:00.860"/>
</kw>
<kw name="Close Window" library="SeleniumLibrary">
<doc>Closes currently opened and selected browser window/tab.</doc>
<status status="PASS" starttime="20230305 11:03:00.860" endtime="20230305 11:03:00.974"/>
</kw>
<kw name="Hello World" library="ex10">
<msg timestamp="20230305 11:03:00.975" level="INFO">Zakonczono test</msg>
<status status="PASS" starttime="20230305 11:03:00.975" endtime="20230305 11:03:00.975"/>
</kw>
<status status="PASS" starttime="20230305 11:02:59.122" endtime="20230305 11:03:00.975"/>
</test>
<status status="PASS" starttime="20230305 11:02:53.677" endtime="20230305 11:03:00.977"/>
</suite>
<statistics>
<total>
<stat pass="4" fail="0" skip="0">All Tests</stat>
</total>
<tag>
</tag>
<suite>
<stat pass="4" fail="0" skip="0" id="s1" name="Ex Library">Ex Library</stat>
</suite>
</statistics>
<errors>
</errors>
</robot>
