<?xml version="1.0" encoding="UTF-8"?>
<robot generator="Robot 6.0.2 (Python 3.10.7 on win32)" generated="20230304 13:39:50.770" rpa="false" schemaversion="3">
<suite id="s1" name="Wikipedia3" source="D:\IT\projekt\git\wsb_20230303\5\wikipedia3.robot">
<test id="s1-t1" name="Click Python Link" line="10">
<kw name="Start Video Recording" library="ScreenCapLibrary" type="SETUP">
<doc>Starts the recording of a video in the background with the specified ``name``.
The recording can be stopped by calling the `Stop Video Recording` keyword.</doc>
<msg timestamp="20230304 13:39:53.383" level="INFO">Automatically setting a fps of 10.0</msg>
<status status="PASS" starttime="20230304 13:39:51.227" endtime="20230304 13:39:53.385"/>
</kw>
<kw name="Open Browser" library="SeleniumLibrary">
<arg>https://en.wikipedia.org/wiki/Robot_Framework</arg>
<arg>chrome</arg>
<doc>Opens a new browser instance to the optional ``url``.</doc>
<msg timestamp="20230304 13:39:53.388" level="INFO">Opening browser 'chrome' to base url 'https://en.wikipedia.org/wiki/Robot_Framework'.</msg>
<status status="PASS" starttime="20230304 13:39:53.387" endtime="20230304 13:39:55.229"/>
</kw>
<kw name="Click Link" library="SeleniumLibrary">
<arg>xpath=//a[contains(text(), 'Python')]</arg>
<doc>Clicks a link identified by ``locator``.</doc>
<msg timestamp="20230304 13:39:55.232" level="INFO">Clicking link 'xpath=//a[contains(text(), 'Python')]'.</msg>
<status status="PASS" starttime="20230304 13:39:55.230" endtime="20230304 13:39:56.351"/>
</kw>
<kw name="Title Should Be" library="SeleniumLibrary">
<arg>Python (programming language) - Wikipedia</arg>
<doc>Verifies that the current page title equals ``title``.</doc>
<msg timestamp="20230304 13:39:56.366" level="INFO">Page title is 'Python (programming language) - Wikipedia'.</msg>
<status status="PASS" starttime="20230304 13:39:56.359" endtime="20230304 13:39:56.366"/>
</kw>
<kw name="Stop Video Recording" library="ScreenCapLibrary" type="TEARDOWN">
<doc>Stops the video recording corresponding to the given ``alias`` and generates the file in WebM format. If no
``alias`` is specified, the last opened recording will be closed. If there are more recordings with the same
alias all of them will be closed. If ``embed`` argument was set to
``True`` the video will be displayed in the log file.
Furthermore, if the ``save_to_disk`` parameter is set to ``False``, the video will be embedded and available in
the log file only.</doc>
<msg timestamp="20230304 13:39:56.553" level="INFO" html="true">&lt;a href="recording_1.webm"&gt;&lt;video width="800px" autoplay&gt;&lt;source src="recording_1.webm" type="video/webm"&gt;&lt;/video&gt;&lt;/a&gt;</msg>
<status status="PASS" starttime="20230304 13:39:56.367" endtime="20230304 13:39:56.553"/>
</kw>
<status status="PASS" starttime="20230304 13:39:51.226" endtime="20230304 13:39:56.553"/>
</test>
<kw name="Close All Browsers" library="SeleniumLibrary" type="TEARDOWN">
<doc>Closes all open browsers and resets the browser cache.</doc>
<status status="PASS" starttime="20230304 13:39:56.556" endtime="20230304 13:40:02.801"/>
</kw>
<status status="PASS" starttime="20230304 13:39:50.773" endtime="20230304 13:40:02.801"/>
</suite>
<statistics>
<total>
<stat pass="1" fail="0" skip="0">All Tests</stat>
</total>
<tag>
</tag>
<suite>
<stat pass="1" fail="0" skip="0" id="s1" name="Wikipedia3">Wikipedia3</stat>
</suite>
</statistics>
<errors>
</errors>
</robot>
