<?xml version="1.0" encoding="UTF-8"?>
<robot generator="Robot 6.0.2 (Python 3.10.7 on win32)" generated="20230304 13:07:58.604" rpa="false" schemaversion="3">
<suite id="s1" name="Hellogoogle" source="D:\IT\projekt\git\wsb_20230303\2\hellogoogle.robot">
<test id="s1-t1" name="Search Robot Framework in Google" line="9">
<kw name="Start Video Recording" library="ScreenCapLibrary" type="SETUP">
<doc>Starts the recording of a video in the background with the specified ``name``.
The recording can be stopped by calling the `Stop Video Recording` keyword.</doc>
<msg timestamp="20230304 13:08:01.197" level="INFO">Automatically setting a fps of 9.5</msg>
<status status="PASS" starttime="20230304 13:07:59.083" endtime="20230304 13:08:01.199"/>
</kw>
<kw name="Open Browser" library="SeleniumLibrary">
<arg>http://google.com</arg>
<arg>chrome</arg>
<doc>Opens a new browser instance to the optional ``url``.</doc>
<msg timestamp="20230304 13:08:01.202" level="INFO">Opening browser 'chrome' to base url 'http://google.com'.</msg>
<status status="PASS" starttime="20230304 13:08:01.201" endtime="20230304 13:08:03.231"/>
</kw>
<kw name="Wait Until Element Is Visible" library="SeleniumLibrary">
<arg>xpath=//*[@id="L2AGLb"]</arg>
<doc>Waits until the element ``locator`` is visible.</doc>
<status status="PASS" starttime="20230304 13:08:03.231" endtime="20230304 13:08:03.271"/>
</kw>
<kw name="Click Button" library="SeleniumLibrary">
<arg>xpath=//*[@id="L2AGLb"]</arg>
<doc>Clicks the button identified by ``locator``.</doc>
<msg timestamp="20230304 13:08:03.273" level="INFO">Clicking button 'xpath=//*[@id="L2AGLb"]'.</msg>
<status status="PASS" starttime="20230304 13:08:03.272" endtime="20230304 13:08:03.365"/>
</kw>
<kw name="Submit Form" library="SeleniumLibrary">
<arg>//form</arg>
<doc>Submits a form identified by ``locator``.</doc>
<msg timestamp="20230304 13:08:03.367" level="INFO">Submitting form '//form'.</msg>
<status status="PASS" starttime="20230304 13:08:03.366" endtime="20230304 13:08:04.133"/>
</kw>
<kw name="Input Text" library="SeleniumLibrary">
<arg>name=q</arg>
<arg>Robot Framework</arg>
<doc>Types the given ``text`` into the text field identified by ``locator``.</doc>
<msg timestamp="20230304 13:08:04.136" level="INFO">Typing text 'Robot Framework' into text field 'name=q'.</msg>
<status status="PASS" starttime="20230304 13:08:04.134" endtime="20230304 13:08:04.287"/>
</kw>
<kw name="Press Keys" library="SeleniumLibrary">
<arg>name=q</arg>
<arg>ENTER</arg>
<doc>Simulates the user pressing key(s) to an element or on the active browser.</doc>
<msg timestamp="20230304 13:08:04.289" level="INFO">Sending key(s) ('ENTER',) to name=q element.</msg>
<msg timestamp="20230304 13:08:04.830" level="INFO">Pressing special key ENTER to element.</msg>
<msg timestamp="20230304 13:08:04.831" level="INFO">Releasing special key ENTER.</msg>
<status status="PASS" starttime="20230304 13:08:04.288" endtime="20230304 13:08:07.650"/>
</kw>
<kw name="Page Should Contain" library="SeleniumLibrary">
<arg>Bye</arg>
<doc>Verifies that current page contains ``text``.</doc>
<msg timestamp="20230304 13:08:07.963" level="INFO" html="true">&lt;/td&gt;&lt;/tr&gt;&lt;tr&gt;&lt;td colspan="3"&gt;&lt;a href="selenium-screenshot-2.png"&gt;&lt;img src="selenium-screenshot-2.png" width="800px"&gt;&lt;/a&gt;</msg>
<msg timestamp="20230304 13:08:07.963" level="FAIL">Page should have contained text 'Bye' but did not.</msg>
<status status="FAIL" starttime="20230304 13:08:07.651" endtime="20230304 13:08:07.964"/>
</kw>
<kw name="Close Window" library="SeleniumLibrary">
<doc>Closes currently opened and selected browser window/tab.</doc>
<status status="NOT RUN" starttime="20230304 13:08:07.965" endtime="20230304 13:08:07.965"/>
</kw>
<kw name="Stop Video Recording" library="ScreenCapLibrary" type="TEARDOWN">
<doc>Stops the video recording corresponding to the given ``alias`` and generates the file in WebM format. If no
``alias`` is specified, the last opened recording will be closed. If there are more recordings with the same
alias all of them will be closed. If ``embed`` argument was set to
``True`` the video will be displayed in the log file.
Furthermore, if the ``save_to_disk`` parameter is set to ``False``, the video will be embedded and available in
the log file only.</doc>
<msg timestamp="20230304 13:08:08.152" level="INFO" html="true">&lt;a href="recording_3.webm"&gt;&lt;video width="800px" autoplay&gt;&lt;source src="recording_3.webm" type="video/webm"&gt;&lt;/video&gt;&lt;/a&gt;</msg>
<status status="PASS" starttime="20230304 13:08:07.967" endtime="20230304 13:08:08.152"/>
</kw>
<status status="FAIL" starttime="20230304 13:07:59.082" endtime="20230304 13:08:08.153">Page should have contained text 'Bye' but did not.</status>
</test>
<status status="FAIL" starttime="20230304 13:07:58.606" endtime="20230304 13:08:08.155"/>
</suite>
<statistics>
<total>
<stat pass="0" fail="1" skip="0">All Tests</stat>
</total>
<tag>
</tag>
<suite>
<stat pass="0" fail="1" skip="0" id="s1" name="Hellogoogle">Hellogoogle</stat>
</suite>
</statistics>
<errors>
</errors>
</robot>
