<?xml version="1.0" encoding="UTF-8"?>
<robot generator="Robot 6.0.2 (Python 3.10.7 on win32)" generated="20230304 13:16:33.207" rpa="false" schemaversion="3">
<suite id="s1" name="Testwiki" source="D:\IT\projekt\git\wsb_20230303\3\testwiki.robot">
<test id="s1-t1" name="Check wether wiki robot test has python included" line="10">
<kw name="Start Video Recording" library="ScreenCapLibrary" type="SETUP">
<doc>Starts the recording of a video in the background with the specified ``name``.
The recording can be stopped by calling the `Stop Video Recording` keyword.</doc>
<msg timestamp="20230304 13:16:35.803" level="INFO">Automatically setting a fps of 9.5</msg>
<status status="PASS" starttime="20230304 13:16:33.699" endtime="20230304 13:16:35.805"/>
</kw>
<kw name="Open Browser" library="SeleniumLibrary">
<arg>https://en.wikipedia.org/wiki/Robot_Framework</arg>
<arg>chrome</arg>
<doc>Opens a new browser instance to the optional ``url``.</doc>
<msg timestamp="20230304 13:16:35.808" level="INFO">Opening browser 'chrome' to base url 'https://en.wikipedia.org/wiki/Robot_Framework'.</msg>
<status status="PASS" starttime="20230304 13:16:35.807" endtime="20230304 13:16:37.743"/>
</kw>
<kw name="Element Should Be Visible" library="SeleniumLibrary">
<arg>link=Python</arg>
<doc>Verifies that the element identified by ``locator`` is visible.</doc>
<msg timestamp="20230304 13:16:37.905" level="INFO">Element 'link=Python' is displayed.</msg>
<status status="PASS" starttime="20230304 13:16:37.744" endtime="20230304 13:16:37.905"/>
</kw>
<kw name="Close Browser" library="SeleniumLibrary">
<doc>Closes the current browser.</doc>
<status status="PASS" starttime="20230304 13:16:37.906" endtime="20230304 13:16:40.104"/>
</kw>
<kw name="Stop Video Recording" library="ScreenCapLibrary" type="TEARDOWN">
<doc>Stops the video recording corresponding to the given ``alias`` and generates the file in WebM format. If no
``alias`` is specified, the last opened recording will be closed. If there are more recordings with the same
alias all of them will be closed. If ``embed`` argument was set to
``True`` the video will be displayed in the log file.
Furthermore, if the ``save_to_disk`` parameter is set to ``False``, the video will be embedded and available in
the log file only.</doc>
<msg timestamp="20230304 13:16:40.145" level="INFO" html="true">&lt;a href="recording_2.webm"&gt;&lt;video width="800px" autoplay&gt;&lt;source src="recording_2.webm" type="video/webm"&gt;&lt;/video&gt;&lt;/a&gt;</msg>
<status status="PASS" starttime="20230304 13:16:40.105" endtime="20230304 13:16:40.145"/>
</kw>
<status status="PASS" starttime="20230304 13:16:33.698" endtime="20230304 13:16:40.145"/>
</test>
<kw name="Close All Browsers" library="SeleniumLibrary" type="TEARDOWN">
<doc>Closes all open browsers and resets the browser cache.</doc>
<status status="PASS" starttime="20230304 13:16:40.148" endtime="20230304 13:16:40.148"/>
</kw>
<status status="PASS" starttime="20230304 13:16:33.209" endtime="20230304 13:16:40.148"/>
</suite>
<statistics>
<total>
<stat pass="1" fail="0" skip="0">All Tests</stat>
</total>
<tag>
</tag>
<suite>
<stat pass="1" fail="0" skip="0" id="s1" name="Testwiki">Testwiki</stat>
</suite>
</statistics>
<errors>
</errors>
</robot>
