<?xml version="1.0" encoding="UTF-8"?>
<robot generator="Robot 6.0.2 (Python 3.10.7 on win32)" generated="20230304 13:33:04.041" rpa="false" schemaversion="3">
<suite id="s1" name="Wikipedia2" source="D:\IT\projekt\git\wsb_20230303\4\wikipedia2.robot">
<test id="s1-t1" name="Search robot Framework" line="10">
<kw name="Start Video Recording" library="ScreenCapLibrary" type="SETUP">
<doc>Starts the recording of a video in the background with the specified ``name``.
The recording can be stopped by calling the `Stop Video Recording` keyword.</doc>
<msg timestamp="20230304 13:33:06.766" level="INFO">Automatically setting a fps of 9.0</msg>
<status status="PASS" starttime="20230304 13:33:04.584" endtime="20230304 13:33:06.769"/>
</kw>
<kw name="Open Browser" library="SeleniumLibrary">
<arg>https://en.wikipedia.org/wiki/Main_Page</arg>
<arg>chrome</arg>
<doc>Opens a new browser instance to the optional ``url``.</doc>
<msg timestamp="20230304 13:33:06.772" level="INFO">Opening browser 'chrome' to base url 'https://en.wikipedia.org/wiki/Main_Page'.</msg>
<status status="PASS" starttime="20230304 13:33:06.770" endtime="20230304 13:33:08.716"/>
</kw>
<kw name="Input Text" library="SeleniumLibrary">
<arg>name=search</arg>
<arg>Robot Framework</arg>
<doc>Types the given ``text`` into the text field identified by ``locator``.</doc>
<msg timestamp="20230304 13:33:08.718" level="INFO">Typing text 'Robot Framework' into text field 'name=search'.</msg>
<status status="PASS" starttime="20230304 13:33:08.717" endtime="20230304 13:33:08.931"/>
</kw>
<kw name="Press Keys" library="SeleniumLibrary">
<arg>name=search</arg>
<arg>RETURN</arg>
<doc>Simulates the user pressing key(s) to an element or on the active browser.</doc>
<msg timestamp="20230304 13:33:08.933" level="INFO">Sending key(s) ('RETURN',) to name=search element.</msg>
<msg timestamp="20230304 13:33:09.228" level="INFO">Pressing special key RETURN to element.</msg>
<msg timestamp="20230304 13:33:09.228" level="INFO">Releasing special key RETURN.</msg>
<status status="PASS" starttime="20230304 13:33:08.932" endtime="20230304 13:33:09.916"/>
</kw>
<kw name="Element Should Contain" library="SeleniumLibrary">
<arg>xpath=//*[@id="firstHeading"]</arg>
<arg>Robot Framework</arg>
<doc>Verifies that element ``locator`` contains text ``expected``.</doc>
<msg timestamp="20230304 13:33:09.977" level="INFO">Element 'xpath=//*[@id="firstHeading"]' contains text 'Robot Framework'.</msg>
<status status="PASS" starttime="20230304 13:33:09.916" endtime="20230304 13:33:09.977"/>
</kw>
<kw name="Close Browser" library="SeleniumLibrary">
<doc>Closes the current browser.</doc>
<status status="PASS" starttime="20230304 13:33:09.977" endtime="20230304 13:33:12.205"/>
</kw>
<kw name="Stop Video Recording" library="ScreenCapLibrary" type="TEARDOWN">
<doc>Stops the video recording corresponding to the given ``alias`` and generates the file in WebM format. If no
``alias`` is specified, the last opened recording will be closed. If there are more recordings with the same
alias all of them will be closed. If ``embed`` argument was set to
``True`` the video will be displayed in the log file.
Furthermore, if the ``save_to_disk`` parameter is set to ``False``, the video will be embedded and available in
the log file only.</doc>
<msg timestamp="20230304 13:33:12.265" level="INFO" html="true">&lt;a href="recording_3.webm"&gt;&lt;video width="800px" autoplay&gt;&lt;source src="recording_3.webm" type="video/webm"&gt;&lt;/video&gt;&lt;/a&gt;</msg>
<status status="PASS" starttime="20230304 13:33:12.206" endtime="20230304 13:33:12.265"/>
</kw>
<status status="PASS" starttime="20230304 13:33:04.583" endtime="20230304 13:33:12.265"/>
</test>
<kw name="Close All Browsers" library="SeleniumLibrary" type="TEARDOWN">
<doc>Closes all open browsers and resets the browser cache.</doc>
<status status="PASS" starttime="20230304 13:33:12.268" endtime="20230304 13:33:12.268"/>
</kw>
<status status="PASS" starttime="20230304 13:33:04.043" endtime="20230304 13:33:12.268"/>
</suite>
<statistics>
<total>
<stat pass="1" fail="0" skip="0">All Tests</stat>
</total>
<tag>
</tag>
<suite>
<stat pass="1" fail="0" skip="0" id="s1" name="Wikipedia2">Wikipedia2</stat>
</suite>
</statistics>
<errors>
</errors>
</robot>
