<?xml version="1.0" encoding="UTF-8"?>
<robot generator="Robot 6.0.2 (Python 3.10.7 on win32)" generated="20230305 09:11:40.206" rpa="false" schemaversion="3">
<suite id="s1" name="Hellogoogle" source="D:\IT\projekt\udemy\wsb_20230304\7\hellogoogle.robot">
<test id="s1-t1" name="Search Robot Framework in Google" line="14">
<kw name="Start Video Recording" library="ScreenCapLibrary" type="SETUP">
<doc>Starts the recording of a video in the background with the specified ``name``.
The recording can be stopped by calling the `Stop Video Recording` keyword.</doc>
<msg timestamp="20230305 09:11:42.750" level="INFO">Automatically setting a fps of 10.0</msg>
<status status="PASS" starttime="20230305 09:11:40.642" endtime="20230305 09:11:42.752"/>
</kw>
<kw name="Open Browser" library="SeleniumLibrary">
<arg>http://google.com</arg>
<arg>${PRZEGLADARKA}</arg>
<doc>Opens a new browser instance to the optional ``url``.</doc>
<msg timestamp="20230305 09:11:42.755" level="INFO">Opening browser 'headlesschrome' to base url 'http://google.com'.</msg>
<status status="PASS" starttime="20230305 09:11:42.754" endtime="20230305 09:11:44.991"/>
</kw>
<kw name="Run Keyword If" library="BuiltIn">
<arg>${HEADLESS}</arg>
<arg>Wait Until Element Is Visible</arg>
<arg>xpath=//*[@id="L2AGLb"]</arg>
<doc>Runs the given keyword with the given arguments, if ``condition`` is true.</doc>
<kw name="Wait Until Element Is Visible" library="SeleniumLibrary">
<arg>xpath=//*[@id="L2AGLb"]</arg>
<doc>Waits until the element ``locator`` is visible.</doc>
<status status="PASS" starttime="20230305 09:11:44.992" endtime="20230305 09:11:45.027"/>
</kw>
<status status="PASS" starttime="20230305 09:11:44.991" endtime="20230305 09:11:45.027"/>
</kw>
<kw name="Run Keyword If" library="BuiltIn">
<arg>${HEADLESS}</arg>
<arg>Click Button</arg>
<arg>xpath=//*[@id="L2AGLb"]</arg>
<doc>Runs the given keyword with the given arguments, if ``condition`` is true.</doc>
<kw name="Click Button" library="SeleniumLibrary">
<arg>xpath=//*[@id="L2AGLb"]</arg>
<doc>Clicks the button identified by ``locator``.</doc>
<msg timestamp="20230305 09:11:45.028" level="INFO">Clicking button 'xpath=//*[@id="L2AGLb"]'.</msg>
<status status="PASS" starttime="20230305 09:11:45.028" endtime="20230305 09:11:45.101"/>
</kw>
<status status="PASS" starttime="20230305 09:11:45.027" endtime="20230305 09:11:45.101"/>
</kw>
<kw name="Submit Form" library="SeleniumLibrary">
<arg>//form</arg>
<doc>Submits a form identified by ``locator``.</doc>
<msg timestamp="20230305 09:11:45.102" level="INFO">Submitting form '//form'.</msg>
<status status="PASS" starttime="20230305 09:11:45.102" endtime="20230305 09:11:46.155"/>
</kw>
<kw name="Input Text" library="SeleniumLibrary">
<arg>name=q</arg>
<arg>Robot Framework</arg>
<doc>Types the given ``text`` into the text field identified by ``locator``.</doc>
<msg timestamp="20230305 09:11:46.157" level="INFO">Typing text 'Robot Framework' into text field 'name=q'.</msg>
<status status="PASS" starttime="20230305 09:11:46.156" endtime="20230305 09:11:46.267"/>
</kw>
<kw name="Press Keys" library="SeleniumLibrary">
<arg>name=q</arg>
<arg>ENTER</arg>
<doc>Simulates the user pressing key(s) to an element or on the active browser.</doc>
<msg timestamp="20230305 09:11:46.268" level="INFO">Sending key(s) ('ENTER',) to name=q element.</msg>
<msg timestamp="20230305 09:11:46.572" level="INFO">Pressing special key ENTER to element.</msg>
<msg timestamp="20230305 09:11:46.572" level="INFO">Releasing special key ENTER.</msg>
<status status="PASS" starttime="20230305 09:11:46.267" endtime="20230305 09:11:48.394"/>
</kw>
<kw name="Page Should Contain" library="SeleniumLibrary">
<arg>Wikipedia</arg>
<doc>Verifies that current page contains ``text``.</doc>
<msg timestamp="20230305 09:11:48.418" level="INFO">Current page contains text 'Wikipedia'.</msg>
<status status="PASS" starttime="20230305 09:11:48.395" endtime="20230305 09:11:48.418"/>
</kw>
<kw name="Close Window" library="SeleniumLibrary">
<doc>Closes currently opened and selected browser window/tab.</doc>
<status status="PASS" starttime="20230305 09:11:48.419" endtime="20230305 09:11:48.447"/>
</kw>
<kw name="Stop Video Recording" library="ScreenCapLibrary" type="TEARDOWN">
<doc>Stops the video recording corresponding to the given ``alias`` and generates the file in WebM format. If no
``alias`` is specified, the last opened recording will be closed. If there are more recordings with the same
alias all of them will be closed. If ``embed`` argument was set to
``True`` the video will be displayed in the log file.
Furthermore, if the ``save_to_disk`` parameter is set to ``False``, the video will be embedded and available in
the log file only.</doc>
<msg timestamp="20230305 09:11:48.532" level="INFO" html="true">&lt;a href="recording_2.webm"&gt;&lt;video width="800px" autoplay&gt;&lt;source src="recording_2.webm" type="video/webm"&gt;&lt;/video&gt;&lt;/a&gt;</msg>
<status status="PASS" starttime="20230305 09:11:48.448" endtime="20230305 09:11:48.532"/>
</kw>
<status status="PASS" starttime="20230305 09:11:40.642" endtime="20230305 09:11:48.533"/>
</test>
<kw name="Close All Browsers" library="SeleniumLibrary" type="TEARDOWN">
<doc>Closes all open browsers and resets the browser cache.</doc>
<status status="PASS" starttime="20230305 09:11:48.535" endtime="20230305 09:11:54.752"/>
</kw>
<status status="PASS" starttime="20230305 09:11:40.208" endtime="20230305 09:11:54.752"/>
</suite>
<statistics>
<total>
<stat pass="1" fail="0" skip="0">All Tests</stat>
</total>
<tag>
</tag>
<suite>
<stat pass="1" fail="0" skip="0" id="s1" name="Hellogoogle">Hellogoogle</stat>
</suite>
</statistics>
<errors>
</errors>
</robot>
